[2021-01-14 13:21:56] app.INFO: Protect vendor folder in module contactform [] []
[2021-01-14 13:21:56] app.INFO: Module contactform has no vendor folder [] []
[2021-01-14 13:21:57] app.INFO: Protect vendor folder in module dashactivity [] []
[2021-01-14 13:21:57] app.INFO: Module dashactivity has no vendor folder [] []
[2021-01-14 13:21:59] app.INFO: Protect vendor folder in module dashgoals [] []
[2021-01-14 13:21:59] app.INFO: Module dashgoals has no vendor folder [] []
[2021-01-14 13:21:59] app.INFO: Protect vendor folder in module dashproducts [] []
[2021-01-14 13:21:59] app.INFO: Module dashproducts has no vendor folder [] []
[2021-01-14 13:22:00] app.INFO: Protect vendor folder in module dashtrends [] []
[2021-01-14 13:22:00] app.INFO: Module dashtrends has no vendor folder [] []
[2021-01-14 13:22:00] app.INFO: Protect vendor folder in module graphnvd3 [] []
[2021-01-14 13:22:00] app.INFO: Module graphnvd3 has no vendor folder [] []
[2021-01-14 13:22:00] app.INFO: Protect vendor folder in module gridhtml [] []
[2021-01-14 13:22:01] app.INFO: Module gridhtml has no vendor folder [] []
[2021-01-14 13:22:02] app.INFO: Protect vendor folder in module gsitemap [] []
[2021-01-14 13:22:02] app.INFO: Module gsitemap has no vendor folder [] []
[2021-01-14 13:22:02] app.INFO: Protect vendor folder in module pagesnotfound [] []
[2021-01-14 13:22:02] app.INFO: Module pagesnotfound has no vendor folder [] []
[2021-01-14 13:22:06] app.INFO: Protect vendor folder in module productcomments [] []
[2021-01-14 13:22:06] app.INFO: Module productcomments has no vendor folder [] []
[2021-01-14 13:22:07] app.INFO: Protect vendor folder in module ps_banner [] []
[2021-01-14 13:22:07] app.INFO: Module ps_banner has no vendor folder [] []
[2021-01-14 13:22:07] app.INFO: Protect vendor folder in module ps_categorytree [] []
[2021-01-14 13:22:07] app.INFO: Module ps_categorytree has no vendor folder [] []
[2021-01-14 13:22:08] app.INFO: Protect vendor folder in module ps_checkpayment [] []
[2021-01-14 13:22:08] app.INFO: Module ps_checkpayment has no vendor folder [] []
[2021-01-14 13:22:08] app.INFO: Protect vendor folder in module ps_contactinfo [] []
[2021-01-14 13:22:09] app.INFO: Module ps_contactinfo has no vendor folder [] []
[2021-01-14 13:22:09] app.INFO: Protect vendor folder in module ps_crossselling [] []
[2021-01-14 13:22:09] app.INFO: Module ps_crossselling has no vendor folder [] []
[2021-01-14 13:22:09] app.INFO: Protect vendor folder in module ps_currencyselector [] []
[2021-01-14 13:22:09] app.INFO: Module ps_currencyselector has no vendor folder [] []
[2021-01-14 13:22:10] app.INFO: Protect vendor folder in module ps_customeraccountlinks [] []
[2021-01-14 13:22:10] app.INFO: Module ps_customeraccountlinks has no vendor folder [] []
[2021-01-14 13:22:10] app.INFO: Protect vendor folder in module ps_customersignin [] []
[2021-01-14 13:22:10] app.INFO: Module ps_customersignin has no vendor folder [] []
[2021-01-14 13:22:11] app.INFO: Protect vendor folder in module ps_customtext [] []
[2021-01-14 13:22:11] app.INFO: Module ps_customtext has no vendor folder [] []
[2021-01-14 13:22:12] app.INFO: Protect vendor folder in module ps_dataprivacy [] []
[2021-01-14 13:22:12] app.INFO: Module ps_dataprivacy has no vendor folder [] []
[2021-01-14 13:22:13] app.INFO: Protect vendor folder in module ps_emailsubscription [] []
[2021-01-14 13:22:13] app.INFO: Module ps_emailsubscription has no vendor folder [] []
[2021-01-14 13:22:18] app.INFO: Protect vendor folder in module ps_facetedsearch [] []
[2021-01-14 13:22:18] app.INFO: Module ps_facetedsearch has no vendor folder [] []
[2021-01-14 13:22:18] app.INFO: Protect vendor folder in module ps_faviconnotificationbo [] []
[2021-01-14 13:22:18] app.INFO: Module ps_faviconnotificationbo has no vendor folder [] []
[2021-01-14 13:22:19] app.INFO: Protect vendor folder in module ps_featuredproducts [] []
[2021-01-14 13:22:19] app.INFO: Module ps_featuredproducts has no vendor folder [] []
[2021-01-14 13:22:20] app.INFO: Protect vendor folder in module ps_imageslider [] []
[2021-01-14 13:22:20] app.INFO: Module ps_imageslider has no vendor folder [] []
[2021-01-14 13:22:21] app.INFO: Protect vendor folder in module ps_languageselector [] []
[2021-01-14 13:22:21] app.INFO: Module ps_languageselector has no vendor folder [] []
[2021-01-14 13:22:22] app.INFO: Protect vendor folder in module ps_linklist [] []
[2021-01-14 13:22:22] app.INFO: Module ps_linklist has no vendor folder [] []
[2021-01-14 13:22:22] app.ERROR: Cannot register tab "AdminLinkWidget" because it already exists [] []
[2021-01-14 13:22:24] app.INFO: Protect vendor folder in module ps_mainmenu [] []
[2021-01-14 13:22:24] app.INFO: Module ps_mainmenu has no vendor folder [] []
[2021-01-14 13:22:24] app.INFO: Protect vendor folder in module ps_searchbar [] []
[2021-01-14 13:22:24] app.INFO: Module ps_searchbar has no vendor folder [] []
[2021-01-14 13:22:24] app.INFO: Protect vendor folder in module ps_sharebuttons [] []
[2021-01-14 13:22:24] app.INFO: Module ps_sharebuttons has no vendor folder [] []
[2021-01-14 13:22:25] app.INFO: Protect vendor folder in module ps_shoppingcart [] []
[2021-01-14 13:22:25] app.INFO: Module ps_shoppingcart has no vendor folder [] []
[2021-01-14 13:22:25] app.INFO: Protect vendor folder in module ps_socialfollow [] []
[2021-01-14 13:22:25] app.INFO: Module ps_socialfollow has no vendor folder [] []
[2021-01-14 13:22:26] app.INFO: Protect vendor folder in module ps_themecusto [] []
[2021-01-14 13:22:26] app.INFO: Module ps_themecusto has no vendor folder [] []
[2021-01-14 13:22:27] app.INFO: Protect vendor folder in module ps_wirepayment [] []
[2021-01-14 13:22:27] app.INFO: Module ps_wirepayment has no vendor folder [] []
[2021-01-14 13:22:28] app.INFO: Protect vendor folder in module sekeywords [] []
[2021-01-14 13:22:28] app.INFO: Module sekeywords has no vendor folder [] []
[2021-01-14 13:22:28] app.INFO: Protect vendor folder in module statsbestcategories [] []
[2021-01-14 13:22:28] app.INFO: Module statsbestcategories has no vendor folder [] []
[2021-01-14 13:22:29] app.INFO: Protect vendor folder in module statsbestcustomers [] []
[2021-01-14 13:22:29] app.INFO: Module statsbestcustomers has no vendor folder [] []
[2021-01-14 13:22:29] app.INFO: Protect vendor folder in module statsbestproducts [] []
[2021-01-14 13:22:29] app.INFO: Module statsbestproducts has no vendor folder [] []
[2021-01-14 13:22:29] app.INFO: Protect vendor folder in module statsbestsuppliers [] []
[2021-01-14 13:22:29] app.INFO: Module statsbestsuppliers has no vendor folder [] []
[2021-01-14 13:22:29] app.INFO: Protect vendor folder in module statsbestvouchers [] []
[2021-01-14 13:22:29] app.INFO: Module statsbestvouchers has no vendor folder [] []
[2021-01-14 13:22:30] app.INFO: Protect vendor folder in module statscarrier [] []
[2021-01-14 13:22:30] app.INFO: Module statscarrier has no vendor folder [] []
[2021-01-14 13:22:30] app.INFO: Protect vendor folder in module statscatalog [] []
[2021-01-14 13:22:30] app.INFO: Module statscatalog has no vendor folder [] []
[2021-01-14 13:22:30] app.INFO: Protect vendor folder in module statscheckup [] []
[2021-01-14 13:22:30] app.INFO: Module statscheckup has no vendor folder [] []
[2021-01-14 13:22:31] app.INFO: Protect vendor folder in module statsdata [] []
[2021-01-14 13:22:31] app.INFO: Module statsdata has no vendor folder [] []
[2021-01-14 13:22:31] app.INFO: Protect vendor folder in module statsequipment [] []
[2021-01-14 13:22:31] app.INFO: Module statsequipment has no vendor folder [] []
[2021-01-14 13:22:31] app.INFO: Protect vendor folder in module statsforecast [] []
[2021-01-14 13:22:31] app.INFO: Module statsforecast has no vendor folder [] []
[2021-01-14 13:22:32] app.INFO: Protect vendor folder in module statslive [] []
[2021-01-14 13:22:32] app.INFO: Module statslive has no vendor folder [] []
[2021-01-14 13:22:32] app.INFO: Protect vendor folder in module statsnewsletter [] []
[2021-01-14 13:22:32] app.INFO: Module statsnewsletter has no vendor folder [] []
[2021-01-14 13:22:32] app.INFO: Protect vendor folder in module statsorigin [] []
[2021-01-14 13:22:32] app.INFO: Module statsorigin has no vendor folder [] []
[2021-01-14 13:22:33] app.INFO: Protect vendor folder in module statspersonalinfos [] []
[2021-01-14 13:22:33] app.INFO: Module statspersonalinfos has no vendor folder [] []
[2021-01-14 13:22:33] app.INFO: Protect vendor folder in module statsproduct [] []
[2021-01-14 13:22:33] app.INFO: Module statsproduct has no vendor folder [] []
[2021-01-14 13:22:33] app.INFO: Protect vendor folder in module statsregistrations [] []
[2021-01-14 13:22:33] app.INFO: Module statsregistrations has no vendor folder [] []
[2021-01-14 13:22:34] app.INFO: Protect vendor folder in module statssales [] []
[2021-01-14 13:22:34] app.INFO: Module statssales has no vendor folder [] []
[2021-01-14 13:22:34] app.INFO: Protect vendor folder in module statssearch [] []
[2021-01-14 13:22:34] app.INFO: Module statssearch has no vendor folder [] []
[2021-01-14 13:22:34] app.INFO: Protect vendor folder in module statsstock [] []
[2021-01-14 13:22:34] app.INFO: Module statsstock has no vendor folder [] []
[2021-01-14 13:22:35] app.INFO: Protect vendor folder in module statsvisits [] []
[2021-01-14 13:22:35] app.INFO: Module statsvisits has no vendor folder [] []
[2021-01-14 13:22:36] app.INFO: Protect vendor folder in module welcome [] []
[2021-01-14 13:22:36] app.INFO: Module welcome has no vendor folder [] []
[2021-01-14 13:22:41] app.INFO: Exporting mail with theme modern for language Français (French) [] []
[2021-01-14 13:22:41] app.INFO: Core output folder: C:\wamp64\www\prestashop/mails [] []
[2021-01-14 13:22:41] app.INFO: Modules output folder: C:\wamp64\www\prestashop/modules/ [] []
[2021-01-14 14:07:40] request.CRITICAL: Uncaught PHP Exception SmartyException: "unable to write file C:\wamp64\www\prestashop\var\cache\prod\smarty\compile\51\03\79\510379402cdc9235a55389d5b5d120b082d90d6b_0.file.login_addons.tpl.php" at C:\wamp64\www\prestashop\vendor\smarty\smarty\libs\sysplugins\smarty_internal_runtime_writefile.php line 90 {"exception":"[object] (SmartyException(code: 0): unable to write file C:\\wamp64\\www\\prestashop\\var\\cache\\prod\\smarty\\compile\\51\\03\\79\\510379402cdc9235a55389d5b5d120b082d90d6b_0.file.login_addons.tpl.php at C:\\wamp64\\www\\prestashop\\vendor\\smarty\\smarty\\libs\\sysplugins\\smarty_internal_runtime_writefile.php:90)"} []
